[INFO] Scanning for projects...
[INFO] 
[INFO] ------------------------< com.example:flashbid >------------------------
[INFO] Building flashbid 0.0.1-SNAPSHOT
[INFO]   from pom.xml
[INFO] --------------------------------[ jar ]---------------------------------
[INFO] 
[INFO] --- clean:3.4.1:clean (default-clean) @ flashbid ---
[INFO] Deleting /home/aniket/IdeaProjects/flashbid/target
[INFO] 
[INFO] >>> spring-boot:3.4.3:run (default-cli) > test-compile @ flashbid >>>
[INFO] 
[INFO] --- resources:3.3.1:resources (default-resources) @ flashbid ---
[INFO] Copying 1 resource from src/main/resources to target/classes
[INFO] Copying 0 resource from src/main/resources to target/classes
[INFO] 
[INFO] --- compiler:3.13.0:compile (default-compile) @ flashbid ---
[INFO] Recompiling the module because of changed source code.
[INFO] Compiling 49 source files with javac [debug parameters release 21] to target/classes
[INFO] 
[INFO] --- resources:3.3.1:testResources (default-testResources) @ flashbid ---
[INFO] skip non existing resourceDirectory /home/aniket/IdeaProjects/flashbid/src/test/resources
[INFO] 
[INFO] --- compiler:3.13.0:testCompile (default-testCompile) @ flashbid ---
[INFO] Recompiling the module because of changed dependency.
[INFO] Compiling 1 source file with javac [debug parameters release 21] to target/test-classes
[INFO] 
[INFO] <<< spring-boot:3.4.3:run (default-cli) < test-compile @ flashbid <<<
[INFO] 
[INFO] 
[INFO] --- spring-boot:3.4.3:run (default-cli) @ flashbid ---
[INFO] Attaching agents: []

  .   ____          _            __ _ _
 /\\ / ___'_ __ _ _(_)_ __  __ _ \ \ \ \
( ( )\___ | '_ | '_| | '_ \/ _` | \ \ \ \
 \\/  ___)| |_)| | | | | || (_| |  ) ) ) )
  '  |____| .__|_| |_|_| |_\__, | / / / /
 =========|_|==============|___/=/_/_/_/

 :: Spring Boot ::                (v3.4.3)

2026-03-07T22:47:02.498+05:30  INFO 115880 --- [           main] c.example.flashbid.FlashbidApplication   : Starting FlashbidApplication using Java 21.0.10 with PID 115880 (/home/aniket/IdeaProjects/flashbid/target/classes started by aniket in /home/aniket/IdeaProjects/flashbid)
2026-03-07T22:47:02.504+05:30  INFO 115880 --- [           main] c.example.flashbid.FlashbidApplication   : No active profile set, falling back to 1 default profile: "default"
2026-03-07T22:47:07.577+05:30  INFO 115880 --- [           main] .s.d.r.c.RepositoryConfigurationDelegate : Multiple Spring Data modules found, entering strict repository configuration mode
2026-03-07T22:47:07.581+05:30  INFO 115880 --- [           main] .s.d.r.c.RepositoryConfigurationDelegate : Bootstrapping Spring Data JPA repositories in DEFAULT mode.
2026-03-07T22:47:08.128+05:30  INFO 115880 --- [           main] .s.d.r.c.RepositoryConfigurationDelegate : Finished Spring Data repository scanning in 527 ms. Found 4 JPA repository interfaces.
2026-03-07T22:47:08.172+05:30  INFO 115880 --- [           main] .s.d.r.c.RepositoryConfigurationDelegate : Multiple Spring Data modules found, entering strict repository configuration mode
2026-03-07T22:47:08.175+05:30  INFO 115880 --- [           main] .s.d.r.c.RepositoryConfigurationDelegate : Bootstrapping Spring Data Redis repositories in DEFAULT mode.
2026-03-07T22:47:08.224+05:30  INFO 115880 --- [           main] .RepositoryConfigurationExtensionSupport : Spring Data Redis - Could not safely identify store assignment for repository candidate interface com.example.flashbid.auction.repo.AuctionWinnerRepo; If you want this repository to be a Redis repository, consider annotating your entities with one of these annotations: org.springframework.data.redis.core.RedisHash (preferred), or consider extending one of the following types with your repository: org.springframework.data.keyvalue.repository.KeyValueRepository
2026-03-07T22:47:08.225+05:30  INFO 115880 --- [           main] .RepositoryConfigurationExtensionSupport : Spring Data Redis - Could not safely identify store assignment for repository candidate interface com.example.flashbid.bid.repo.BidRepo; If you want this repository to be a Redis repository, consider annotating your entities with one of these annotations: org.springframework.data.redis.core.RedisHash (preferred), or consider extending one of the following types with your repository: org.springframework.data.keyvalue.repository.KeyValueRepository
2026-03-07T22:47:08.225+05:30  INFO 115880 --- [           main] .RepositoryConfigurationExtensionSupport : Spring Data Redis - Could not safely identify store assignment for repository candidate interface com.example.flashbid.product.repo.ProductRepo; If you want this repository to be a Redis repository, consider annotating your entities with one of these annotations: org.springframework.data.redis.core.RedisHash (preferred), or consider extending one of the following types with your repository: org.springframework.data.keyvalue.repository.KeyValueRepository
2026-03-07T22:47:08.226+05:30  INFO 115880 --- [           main] .RepositoryConfigurationExtensionSupport : Spring Data Redis - Could not safely identify store assignment for repository candidate interface com.example.flashbid.user.repo.UserRepo; If you want this repository to be a Redis repository, consider annotating your entities with one of these annotations: org.springframework.data.redis.core.RedisHash (preferred), or consider extending one of the following types with your repository: org.springframework.data.keyvalue.repository.KeyValueRepository
2026-03-07T22:47:08.226+05:30  INFO 115880 --- [           main] .s.d.r.c.RepositoryConfigurationDelegate : Finished Spring Data repository scanning in 23 ms. Found 0 Redis repository interfaces.
2026-03-07T22:47:10.308+05:30  INFO 115880 --- [           main] o.s.b.w.embedded.tomcat.TomcatWebServer  : Tomcat initialized with port 8080 (http)
2026-03-07T22:47:10.351+05:30  INFO 115880 --- [           main] o.apache.catalina.core.StandardService   : Starting service [Tomcat]
2026-03-07T22:47:10.352+05:30  INFO 115880 --- [           main] o.apache.catalina.core.StandardEngine    : Starting Servlet engine: [Apache Tomcat/10.1.36]
2026-03-07T22:47:10.500+05:30  INFO 115880 --- [           main] o.a.c.c.C.[Tomcat].[localhost].[/]       : Initializing Spring embedded WebApplicationContext
2026-03-07T22:47:10.502+05:30  INFO 115880 --- [           main] w.s.c.ServletWebServerApplicationContext : Root WebApplicationContext: initialization completed in 7808 ms
2026-03-07T22:47:10.997+05:30  INFO 115880 --- [           main] o.hibernate.jpa.internal.util.LogHelper  : HHH000204: Processing PersistenceUnitInfo [name: default]
2026-03-07T22:47:11.125+05:30  INFO 115880 --- [           main] org.hibernate.Version                    : HHH000412: Hibernate ORM core version 6.6.8.Final
2026-03-07T22:47:11.250+05:30  INFO 115880 --- [           main] o.h.c.internal.RegionFactoryInitiator    : HHH000026: Second-level cache disabled
2026-03-07T22:47:12.287+05:30  INFO 115880 --- [           main] o.s.o.j.p.SpringPersistenceUnitInfo      : No LoadTimeWeaver setup: ignoring JPA class transformer
2026-03-07T22:47:12.348+05:30  INFO 115880 --- [           main] com.zaxxer.hikari.HikariDataSource       : HikariPool-1 - Starting...
2026-03-07T22:47:12.752+05:30  INFO 115880 --- [           main] com.zaxxer.hikari.pool.HikariPool        : HikariPool-1 - Added connection org.postgresql.jdbc.PgConnection@ad5cffa
2026-03-07T22:47:12.755+05:30  INFO 115880 --- [           main] com.zaxxer.hikari.HikariDataSource       : HikariPool-1 - Start completed.
2026-03-07T22:47:12.821+05:30  WARN 115880 --- [           main] org.hibernate.orm.deprecation            : HHH90000025: PostgreSQLDialect does not need to be specified explicitly using 'hibernate.dialect' (remove the property setting and it will be selected by default)
2026-03-07T22:47:12.854+05:30  INFO 115880 --- [           main] org.hibernate.orm.connections.pooling    : HHH10001005: Database info:
	Database JDBC URL [Connecting through datasource 'HikariDataSource (HikariPool-1)']
	Database driver: undefined/unknown
	Database version: 15.17
	Autocommit mode: undefined/unknown
	Isolation level: undefined/unknown
	Minimum pool size: undefined/unknown
	Maximum pool size: undefined/unknown
2026-03-07T22:47:15.752+05:30  INFO 115880 --- [           main] o.h.e.t.j.p.i.JtaPlatformInitiator       : HHH000489: No JTA platform available (set 'hibernate.transaction.jta.platform' to enable JTA platform integration)
Hibernate: create table auction_winners (id bigint generated by default as identity, amount bigint, product_id bigint, user_id bigint, primary key (id))
Hibernate: create table bids (id bigint generated by default as identity, amount bigint not null, timestamp timestamp(6) not null, product_id bigint, bidder_id bigint, primary key (id))
Hibernate: create table products (id bigint generated by default as identity, created_at timestamp(6), description varchar(255), end_time timestamp(6), name varchar(255), product_status varchar(255) check (product_status in ('SCHEDULED','OPEN','CLOSED')), start_time timestamp(6), starting_price bigint, user_id bigint, primary key (id))
Hibernate: create table users (id bigint generated by default as identity, email varchar(255), first_name varchar(255), last_name varchar(255), password varchar(255), registration_date timestamp(6), role varchar(255) check (role in ('USER','ADMIN')), username varchar(255), primary key (id))
Hibernate: alter table if exists auction_winners drop constraint if exists UK2j17algos0uo90oy6ah4uvnop
2026-03-07T22:47:16.009+05:30  WARN 115880 --- [           main] o.h.engine.jdbc.spi.SqlExceptionHelper   : SQL Warning Code: 0, SQLState: 00000
2026-03-07T22:47:16.010+05:30  WARN 115880 --- [           main] o.h.engine.jdbc.spi.SqlExceptionHelper   : constraint "uk2j17algos0uo90oy6ah4uvnop" of relation "auction_winners" does not exist, skipping
Hibernate: alter table if exists auction_winners add constraint UK2j17algos0uo90oy6ah4uvnop unique (product_id)
Hibernate: alter table if exists users drop constraint if exists UK6dotkott2kjsp8vw4d0m25fb7
2026-03-07T22:47:16.031+05:30  WARN 115880 --- [           main] o.h.engine.jdbc.spi.SqlExceptionHelper   : SQL Warning Code: 0, SQLState: 00000
2026-03-07T22:47:16.031+05:30  WARN 115880 --- [           main] o.h.engine.jdbc.spi.SqlExceptionHelper   : constraint "uk6dotkott2kjsp8vw4d0m25fb7" of relation "users" does not exist, skipping
Hibernate: alter table if exists users add constraint UK6dotkott2kjsp8vw4d0m25fb7 unique (email)
Hibernate: alter table if exists users drop constraint if exists UKr43af9ap4edm43mmtq01oddj6
2026-03-07T22:47:16.049+05:30  WARN 115880 --- [           main] o.h.engine.jdbc.spi.SqlExceptionHelper   : SQL Warning Code: 0, SQLState: 00000
2026-03-07T22:47:16.049+05:30  WARN 115880 --- [           main] o.h.engine.jdbc.spi.SqlExceptionHelper   : constraint "ukr43af9ap4edm43mmtq01oddj6" of relation "users" does not exist, skipping
Hibernate: alter table if exists users add constraint UKr43af9ap4edm43mmtq01oddj6 unique (username)
Hibernate: alter table if exists auction_winners add constraint FK79jd0b881pgm8p0tveejr5a3b foreign key (product_id) references products
Hibernate: alter table if exists auction_winners add constraint FK1735ko68a35miod16o01yl1f3 foreign key (user_id) references users
Hibernate: alter table if exists bids add constraint FKhtewr5n8ee2tlu0rj67d6y14p foreign key (product_id) references products
Hibernate: alter table if exists bids add constraint FKmtrc6tnwawlpk1u2km6qnxbha foreign key (bidder_id) references users
Hibernate: alter table if exists products add constraint FKdb050tk37qryv15hd932626th foreign key (user_id) references users
2026-03-07T22:47:16.102+05:30  INFO 115880 --- [           main] j.LocalContainerEntityManagerFactoryBean : Initialized JPA EntityManagerFactory for persistence unit 'default'
2026-03-07T22:47:17.660+05:30  INFO 115880 --- [           main] eAuthenticationProviderManagerConfigurer : Global AuthenticationManager configured with AuthenticationProvider bean with name authenticationProvider
2026-03-07T22:47:17.662+05:30  WARN 115880 --- [           main] r$InitializeUserDetailsManagerConfigurer : Global AuthenticationManager configured with an AuthenticationProvider bean. UserDetailsService beans will not be used by Spring Security for automatically configuring username/password login. Consider removing the AuthenticationProvider bean. Alternatively, consider using the UserDetailsService in a manually instantiated DaoAuthenticationProvider. If the current configuration is intentional, to turn off this warning, increase the logging level of 'org.springframework.security.config.annotation.authentication.configuration.InitializeUserDetailsBeanManagerConfigurer' to ERROR
2026-03-07T22:47:18.486+05:30  WARN 115880 --- [           main] JpaBaseConfiguration$JpaWebConfiguration : spring.jpa.open-in-view is enabled by default. Therefore, database queries may be performed during view rendering. Explicitly configure spring.jpa.open-in-view to disable this warning
2026-03-07T22:47:24.147+05:30  INFO 115880 --- [           main] o.s.b.w.embedded.tomcat.TomcatWebServer  : Tomcat started on port 8080 (http) with context path '/'
2026-03-07T22:47:24.188+05:30  INFO 115880 --- [           main] c.example.flashbid.FlashbidApplication   : Started FlashbidApplication in 23.318 seconds (process running for 24.916)
Hibernate: select p1_0.id,p1_0.created_at,p1_0.description,p1_0.end_time,p1_0.name,p1_0.product_status,p1_0.start_time,p1_0.starting_price,p1_0.user_id from products p1_0 where p1_0.product_status=? and p1_0.start_time<=?
Hibernate: select p1_0.id,p1_0.created_at,p1_0.description,p1_0.end_time,p1_0.name,p1_0.product_status,p1_0.start_time,p1_0.starting_price,p1_0.user_id from products p1_0 where p1_0.product_status=? and p1_0.end_time<=?
Hibernate: select p1_0.id,p1_0.created_at,p1_0.description,p1_0.end_time,p1_0.name,p1_0.product_status,p1_0.start_time,p1_0.starting_price,p1_0.user_id from products p1_0 where p1_0.product_status=? and p1_0.start_time<=?
Hibernate: select p1_0.id,p1_0.created_at,p1_0.description,p1_0.end_time,p1_0.name,p1_0.product_status,p1_0.start_time,p1_0.starting_price,p1_0.user_id from products p1_0 where p1_0.product_status=? and p1_0.end_time<=?
Hibernate: select p1_0.id,p1_0.created_at,p1_0.description,p1_0.end_time,p1_0.name,p1_0.product_status,p1_0.start_time,p1_0.starting_price,p1_0.user_id from products p1_0 where p1_0.product_status=? and p1_0.start_time<=?
Hibernate: select p1_0.id,p1_0.created_at,p1_0.description,p1_0.end_time,p1_0.name,p1_0.product_status,p1_0.start_time,p1_0.starting_price,p1_0.user_id from products p1_0 where p1_0.product_status=? and p1_0.end_time<=?
Hibernate: select p1_0.id,p1_0.created_at,p1_0.description,p1_0.end_time,p1_0.name,p1_0.product_status,p1_0.start_time,p1_0.starting_price,p1_0.user_id from products p1_0 where p1_0.product_status=? and p1_0.start_time<=?
Hibernate: select p1_0.id,p1_0.created_at,p1_0.description,p1_0.end_time,p1_0.name,p1_0.product_status,p1_0.start_time,p1_0.starting_price,p1_0.user_id from products p1_0 where p1_0.product_status=? and p1_0.end_time<=?
Hibernate: select p1_0.id,p1_0.created_at,p1_0.description,p1_0.end_time,p1_0.name,p1_0.product_status,p1_0.start_time,p1_0.starting_price,p1_0.user_id from products p1_0 where p1_0.product_status=? and p1_0.start_time<=?
Hibernate: select p1_0.id,p1_0.created_at,p1_0.description,p1_0.end_time,p1_0.name,p1_0.product_status,p1_0.start_time,p1_0.starting_price,p1_0.user_id from products p1_0 where p1_0.product_status=? and p1_0.end_time<=?
Hibernate: select p1_0.id,p1_0.created_at,p1_0.description,p1_0.end_time,p1_0.name,p1_0.product_status,p1_0.start_time,p1_0.starting_price,p1_0.user_id from products p1_0 where p1_0.product_status=? and p1_0.start_time<=?
2026-03-07T23:17:00.260+05:30  WARN 115880 --- [   scheduling-1] com.zaxxer.hikari.pool.PoolBase          : HikariPool-1 - Failed to validate connection org.postgresql.jdbc.PgConnection@ad5cffa (This connection has been closed.). Possibly consider using a shorter maxLifetime value.
2026-03-07T23:17:00.331+05:30  WARN 115880 --- [   scheduling-1] com.zaxxer.hikari.pool.PoolBase          : HikariPool-1 - Failed to validate connection org.postgresql.jdbc.PgConnection@5d130951 (This connection has been closed.). Possibly consider using a shorter maxLifetime value.
2026-03-07T23:17:00.334+05:30  WARN 115880 --- [   scheduling-1] com.zaxxer.hikari.pool.PoolBase          : HikariPool-1 - Failed to validate connection org.postgresql.jdbc.PgConnection@26f3a6a7 (This connection has been closed.). Possibly consider using a shorter maxLifetime value.
2026-03-07T23:17:00.336+05:30  WARN 115880 --- [   scheduling-1] com.zaxxer.hikari.pool.PoolBase          : HikariPool-1 - Failed to validate connection org.postgresql.jdbc.PgConnection@40f149fc (This connection has been closed.). Possibly consider using a shorter maxLifetime value.
2026-03-07T23:17:00.338+05:30  WARN 115880 --- [   scheduling-1] com.zaxxer.hikari.pool.PoolBase          : HikariPool-1 - Failed to validate connection org.postgresql.jdbc.PgConnection@5cdfc43c (This connection has been closed.). Possibly consider using a shorter maxLifetime value.
2026-03-07T23:17:00.343+05:30  WARN 115880 --- [   scheduling-1] com.zaxxer.hikari.pool.PoolBase          : HikariPool-1 - Failed to validate connection org.postgresql.jdbc.PgConnection@19430777 (This connection has been closed.). Possibly consider using a shorter maxLifetime value.
2026-03-07T23:17:00.345+05:30  WARN 115880 --- [   scheduling-1] com.zaxxer.hikari.pool.PoolBase          : HikariPool-1 - Failed to validate connection org.postgresql.jdbc.PgConnection@22be5c66 (This connection has been closed.). Possibly consider using a shorter maxLifetime value.
2026-03-07T23:17:00.349+05:30  WARN 115880 --- [   scheduling-1] com.zaxxer.hikari.pool.PoolBase          : HikariPool-1 - Failed to validate connection org.postgresql.jdbc.PgConnection@68ca4f64 (This connection has been closed.). Possibly consider using a shorter maxLifetime value.
2026-03-07T23:17:00.351+05:30  WARN 115880 --- [   scheduling-1] com.zaxxer.hikari.pool.PoolBase          : HikariPool-1 - Failed to validate connection org.postgresql.jdbc.PgConnection@4a168865 (This connection has been closed.). Possibly consider using a shorter maxLifetime value.
2026-03-07T23:17:00.353+05:30  WARN 115880 --- [   scheduling-1] com.zaxxer.hikari.pool.PoolBase          : HikariPool-1 - Failed to validate connection org.postgresql.jdbc.PgConnection@4b6f56ef (This connection has been closed.). Possibly consider using a shorter maxLifetime value.
2026-03-07T23:17:00.681+05:30  WARN 115880 --- [   scheduling-1] o.h.engine.jdbc.spi.SqlExceptionHelper   : SQL Error: 0, SQLState: 42P01
2026-03-07T23:17:00.683+05:30 ERROR 115880 --- [   scheduling-1] o.h.engine.jdbc.spi.SqlExceptionHelper   : ERROR: relation "products" does not exist
  Position: 147
2026-03-07T23:17:01.221+05:30 ERROR 115880 --- [   scheduling-1] o.s.s.s.TaskUtils$LoggingErrorHandler    : Unexpected error occurred in scheduled task

org.springframework.dao.InvalidDataAccessResourceUsageException: JDBC exception executing SQL [select p1_0.id,p1_0.created_at,p1_0.description,p1_0.end_time,p1_0.name,p1_0.product_status,p1_0.start_time,p1_0.starting_price,p1_0.user_id from products p1_0 where p1_0.product_status=? and p1_0.start_time<=?] [ERROR: relation "products" does not exist
  Position: 147] [n/a]; SQL [n/a]
	at org.springframework.orm.jpa.vendor.HibernateJpaDialect.convertHibernateAccessException(HibernateJpaDialect.java:277) ~[spring-orm-6.2.3.jar:6.2.3]
	at org.springframework.orm.jpa.vendor.HibernateJpaDialect.translateExceptionIfPossible(HibernateJpaDialect.java:241) ~[spring-orm-6.2.3.jar:6.2.3]
	at org.springframework.orm.jpa.AbstractEntityManagerFactoryBean.translateExceptionIfPossible(AbstractEntityManagerFactoryBean.java:560) ~[spring-orm-6.2.3.jar:6.2.3]
	at org.springframework.dao.support.ChainedPersistenceExceptionTranslator.translateExceptionIfPossible(ChainedPersistenceExceptionTranslator.java:61) ~[spring-tx-6.2.3.jar:6.2.3]
	at org.springframework.dao.support.DataAccessUtils.translateIfNecessary(DataAccessUtils.java:343) ~[spring-tx-6.2.3.jar:6.2.3]
	at org.springframework.dao.support.PersistenceExceptionTranslationInterceptor.invoke(PersistenceExceptionTranslationInterceptor.java:160) ~[spring-tx-6.2.3.jar:6.2.3]
	at org.springframework.aop.framework.ReflectiveMethodInvocation.proceed(ReflectiveMethodInvocation.java:184) ~[spring-aop-6.2.3.jar:6.2.3]
	at org.springframework.data.jpa.repository.support.CrudMethodMetadataPostProcessor$CrudMethodMetadataPopulatingMethodInterceptor.invoke(CrudMethodMetadataPostProcessor.java:136) ~[spring-data-jpa-3.4.3.jar:3.4.3]
	at org.springframework.aop.framework.ReflectiveMethodInvocation.proceed(ReflectiveMethodInvocation.java:184) ~[spring-aop-6.2.3.jar:6.2.3]
	at org.springframework.aop.framework.JdkDynamicAopProxy.invoke(JdkDynamicAopProxy.java:223) ~[spring-aop-6.2.3.jar:6.2.3]
	at jdk.proxy2/jdk.proxy2.$Proxy143.findByProductStatusAndStartTimeLessThanEqual(Unknown Source) ~[na:na]
	at com.example.flashbid.auction.service.AuctionStatusScheduler.openScheduledAuctions(AuctionStatusScheduler.java:31) ~[classes/:na]
	at com.example.flashbid.auction.service.AuctionStatusScheduler.updateAuctions(AuctionStatusScheduler.java:25) ~[classes/:na]
	at java.base/jdk.internal.reflect.DirectMethodHandleAccessor.invoke(DirectMethodHandleAccessor.java:103) ~[na:na]
	at java.base/java.lang.reflect.Method.invoke(Method.java:580) ~[na:na]
	at org.springframework.aop.support.AopUtils.invokeJoinpointUsingReflection(AopUtils.java:359) ~[spring-aop-6.2.3.jar:6.2.3]
	at org.springframework.aop.framework.CglibAopProxy$DynamicAdvisedInterceptor.intercept(CglibAopProxy.java:723) ~[spring-aop-6.2.3.jar:6.2.3]
	at com.example.flashbid.auction.service.AuctionStatusScheduler$$SpringCGLIB$$0.updateAuctions(<generated>) ~[classes/:na]
	at java.base/jdk.internal.reflect.DirectMethodHandleAccessor.invoke(DirectMethodHandleAccessor.java:103) ~[na:na]
	at java.base/java.lang.reflect.Method.invoke(Method.java:580) ~[na:na]
	at org.springframework.scheduling.support.ScheduledMethodRunnable.runInternal(ScheduledMethodRunnable.java:130) ~[spring-context-6.2.3.jar:6.2.3]
	at org.springframework.scheduling.support.ScheduledMethodRunnable.lambda$run$2(ScheduledMethodRunnable.java:124) ~[spring-context-6.2.3.jar:6.2.3]
	at io.micrometer.observation.Observation.observe(Observation.java:498) ~[micrometer-observation-1.14.4.jar:1.14.4]
	at org.springframework.scheduling.support.ScheduledMethodRunnable.run(ScheduledMethodRunnable.java:124) ~[spring-context-6.2.3.jar:6.2.3]
	at org.springframework.scheduling.config.Task$OutcomeTrackingRunnable.run(Task.java:85) ~[spring-context-6.2.3.jar:6.2.3]
	at org.springframework.scheduling.support.DelegatingErrorHandlingRunnable.run(DelegatingErrorHandlingRunnable.java:54) ~[spring-context-6.2.3.jar:6.2.3]
	at org.springframework.scheduling.concurrent.ReschedulingRunnable.run(ReschedulingRunnable.java:96) ~[spring-context-6.2.3.jar:6.2.3]
	at java.base/java.util.concurrent.Executors$RunnableAdapter.call(Executors.java:572) ~[na:na]
	at java.base/java.util.concurrent.FutureTask.run(FutureTask.java:317) ~[na:na]
	at java.base/java.util.concurrent.ScheduledThreadPoolExecutor$ScheduledFutureTask.run(ScheduledThreadPoolExecutor.java:304) ~[na:na]
	at java.base/java.util.concurrent.ThreadPoolExecutor.runWorker(ThreadPoolExecutor.java:1144) ~[na:na]
	at java.base/java.util.concurrent.ThreadPoolExecutor$Worker.run(ThreadPoolExecutor.java:642) ~[na:na]
	at java.base/java.lang.Thread.run(Thread.java:1583) ~[na:na]
Caused by: org.hibernate.exception.SQLGrammarException: JDBC exception executing SQL [select p1_0.id,p1_0.created_at,p1_0.description,p1_0.end_time,p1_0.name,p1_0.product_status,p1_0.start_time,p1_0.starting_price,p1_0.user_id from products p1_0 where p1_0.product_status=? and p1_0.start_time<=?] [ERROR: relation "products" does not exist
  Position: 147] [n/a]
	at org.hibernate.exception.internal.SQLStateConversionDelegate.convert(SQLStateConversionDelegate.java:91) ~[hibernate-core-6.6.8.Final.jar:6.6.8.Final]
	at org.hibernate.exception.internal.StandardSQLExceptionConverter.convert(StandardSQLExceptionConverter.java:58) ~[hibernate-core-6.6.8.Final.jar:6.6.8.Final]
	at org.hibernate.engine.jdbc.spi.SqlExceptionHelper.convert(SqlExceptionHelper.java:108) ~[hibernate-core-6.6.8.Final.jar:6.6.8.Final]
	at org.hibernate.engine.jdbc.spi.SqlExceptionHelper.convert(SqlExceptionHelper.java:94) ~[hibernate-core-6.6.8.Final.jar:6.6.8.Final]
	at org.hibernate.sql.results.jdbc.internal.DeferredResultSetAccess.executeQuery(DeferredResultSetAccess.java:268) ~[hibernate-core-6.6.8.Final.jar:6.6.8.Final]
	at org.hibernate.sql.results.jdbc.internal.DeferredResultSetAccess.getResultSet(DeferredResultSetAccess.java:171) ~[hibernate-core-6.6.8.Final.jar:6.6.8.Final]
	at org.hibernate.sql.results.jdbc.internal.JdbcValuesResultSetImpl.<init>(JdbcValuesResultSetImpl.java:74) ~[hibernate-core-6.6.8.Final.jar:6.6.8.Final]
	at org.hibernate.sql.exec.internal.JdbcSelectExecutorStandardImpl.resolveJdbcValuesSource(JdbcSelectExecutorStandardImpl.java:355) ~[hibernate-core-6.6.8.Final.jar:6.6.8.Final]
	at org.hibernate.sql.exec.internal.JdbcSelectExecutorStandardImpl.doExecuteQuery(JdbcSelectExecutorStandardImpl.java:137) ~[hibernate-core-6.6.8.Final.jar:6.6.8.Final]
	at org.hibernate.sql.exec.internal.JdbcSelectExecutorStandardImpl.executeQuery(JdbcSelectExecutorStandardImpl.java:102) ~[hibernate-core-6.6.8.Final.jar:6.6.8.Final]
	at org.hibernate.sql.exec.spi.JdbcSelectExecutor.executeQuery(JdbcSelectExecutor.java:91) ~[hibernate-core-6.6.8.Final.jar:6.6.8.Final]
	at org.hibernate.sql.exec.spi.JdbcSelectExecutor.list(JdbcSelectExecutor.java:165) ~[hibernate-core-6.6.8.Final.jar:6.6.8.Final]
	at org.hibernate.query.sqm.internal.ConcreteSqmSelectQueryPlan.lambda$new$1(ConcreteSqmSelectQueryPlan.java:152) ~[hibernate-core-6.6.8.Final.jar:6.6.8.Final]
	at org.hibernate.query.sqm.internal.ConcreteSqmSelectQueryPlan.withCacheableSqmInterpretation(ConcreteSqmSelectQueryPlan.java:442) ~[hibernate-core-6.6.8.Final.jar:6.6.8.Final]
	at org.hibernate.query.sqm.internal.ConcreteSqmSelectQueryPlan.performList(ConcreteSqmSelectQueryPlan.java:362) ~[hibernate-core-6.6.8.Final.jar:6.6.8.Final]
	at org.hibernate.query.sqm.internal.QuerySqmImpl.doList(QuerySqmImpl.java:380) ~[hibernate-core-6.6.8.Final.jar:6.6.8.Final]
	at org.hibernate.query.spi.AbstractSelectionQuery.list(AbstractSelectionQuery.java:143) ~[hibernate-core-6.6.8.Final.jar:6.6.8.Final]
	at org.hibernate.query.Query.getResultList(Query.java:120) ~[hibernate-core-6.6.8.Final.jar:6.6.8.Final]
	at java.base/jdk.internal.reflect.DirectMethodHandleAccessor.invoke(DirectMethodHandleAccessor.java:103) ~[na:na]
	at java.base/java.lang.reflect.Method.invoke(Method.java:580) ~[na:na]
	at org.springframework.orm.jpa.SharedEntityManagerCreator$DeferredQueryInvocationHandler.invoke(SharedEntityManagerCreator.java:419) ~[spring-orm-6.2.3.jar:6.2.3]
	at jdk.proxy2/jdk.proxy2.$Proxy170.getResultList(Unknown Source) ~[na:na]
	at org.springframework.data.jpa.repository.query.JpaQueryExecution$CollectionExecution.doExecute(JpaQueryExecution.java:130) ~[spring-data-jpa-3.4.3.jar:3.4.3]
	at org.springframework.data.jpa.repository.query.JpaQueryExecution.execute(JpaQueryExecution.java:93) ~[spring-data-jpa-3.4.3.jar:3.4.3]
	at org.springframework.data.jpa.repository.query.AbstractJpaQuery.doExecute(AbstractJpaQuery.java:152) ~[spring-data-jpa-3.4.3.jar:3.4.3]
	at org.springframework.data.jpa.repository.query.AbstractJpaQuery.execute(AbstractJpaQuery.java:140) ~[spring-data-jpa-3.4.3.jar:3.4.3]
	at org.springframework.data.repository.core.support.RepositoryMethodInvoker.doInvoke(RepositoryMethodInvoker.java:170) ~[spring-data-commons-3.4.3.jar:3.4.3]
	at org.springframework.data.repository.core.support.RepositoryMethodInvoker.invoke(RepositoryMethodInvoker.java:158) ~[spring-data-commons-3.4.3.jar:3.4.3]
	at org.springframework.data.repository.core.support.QueryExecutorMethodInterceptor.doInvoke(QueryExecutorMethodInterceptor.java:170) ~[spring-data-commons-3.4.3.jar:3.4.3]
	at org.springframework.data.repository.core.support.QueryExecutorMethodInterceptor.invoke(QueryExecutorMethodInterceptor.java:149) ~[spring-data-commons-3.4.3.jar:3.4.3]
	at org.springframework.aop.framework.ReflectiveMethodInvocation.proceed(ReflectiveMethodInvocation.java:184) ~[spring-aop-6.2.3.jar:6.2.3]
	at org.springframework.data.projection.DefaultMethodInvokingMethodInterceptor.invoke(DefaultMethodInvokingMethodInterceptor.java:69) ~[spring-data-commons-3.4.3.jar:3.4.3]
	at org.springframework.aop.framework.ReflectiveMethodInvocation.proceed(ReflectiveMethodInvocation.java:184) ~[spring-aop-6.2.3.jar:6.2.3]
	at org.springframework.transaction.interceptor.TransactionAspectSupport.invokeWithinTransaction(TransactionAspectSupport.java:380) ~[spring-tx-6.2.3.jar:6.2.3]
	at org.springframework.transaction.interceptor.TransactionInterceptor.invoke(TransactionInterceptor.java:119) ~[spring-tx-6.2.3.jar:6.2.3]
	at org.springframework.aop.framework.ReflectiveMethodInvocation.proceed(ReflectiveMethodInvocation.java:184) ~[spring-aop-6.2.3.jar:6.2.3]
	at org.springframework.dao.support.PersistenceExceptionTranslationInterceptor.invoke(PersistenceExceptionTranslationInterceptor.java:138) ~[spring-tx-6.2.3.jar:6.2.3]
	... 27 common frames omitted
Caused by: org.postgresql.util.PSQLException: ERROR: relation "products" does not exist
  Position: 147
	at org.postgresql.core.v3.QueryExecutorImpl.receiveErrorResponse(QueryExecutorImpl.java:2733) ~[postgresql-42.7.5.jar:42.7.5]
	at org.postgresql.core.v3.QueryExecutorImpl.processResults(QueryExecutorImpl.java:2420) ~[postgresql-42.7.5.jar:42.7.5]
	at org.postgresql.core.v3.QueryExecutorImpl.execute(QueryExecutorImpl.java:372) ~[postgresql-42.7.5.jar:42.7.5]
	at org.postgresql.jdbc.PgStatement.executeInternal(PgStatement.java:517) ~[postgresql-42.7.5.jar:42.7.5]
	at org.postgresql.jdbc.PgStatement.execute(PgStatement.java:434) ~[postgresql-42.7.5.jar:42.7.5]
	at org.postgresql.jdbc.PgPreparedStatement.executeWithFlags(PgPreparedStatement.java:194) ~[postgresql-42.7.5.jar:42.7.5]
	at org.postgresql.jdbc.PgPreparedStatement.executeQuery(PgPreparedStatement.java:137) ~[postgresql-42.7.5.jar:42.7.5]
	at com.zaxxer.hikari.pool.ProxyPreparedStatement.executeQuery(ProxyPreparedStatement.java:52) ~[HikariCP-5.1.0.jar:na]
	at com.zaxxer.hikari.pool.HikariProxyPreparedStatement.executeQuery(HikariProxyPreparedStatement.java) ~[HikariCP-5.1.0.jar:na]
	at org.hibernate.sql.results.jdbc.internal.DeferredResultSetAccess.executeQuery(DeferredResultSetAccess.java:250) ~[hibernate-core-6.6.8.Final.jar:6.6.8.Final]
	... 59 common frames omitted

[INFO] ------------------------------------------------------------------------
[INFO] BUILD FAILURE
[INFO] ------------------------------------------------------------------------
[INFO] Total time:  31:14 min
[INFO] Finished at: 2026-03-07T23:17:46+05:30
[INFO] ------------------------------------------------------------------------
[ERROR] Failed to execute goal org.springframework.boot:spring-boot-maven-plugin:3.4.3:run (default-cli) on project flashbid: Process terminated with exit code: 137 -> [Help 1]
[ERROR] 
[ERROR] To see the full stack trace of the errors, re-run Maven with the -e switch.
[ERROR] Re-run Maven using the -X switch to enable full debug logging.
[ERROR] 
[ERROR] For more information about the errors and possible solutions, please read the following articles:
[ERROR] [Help 1] http://cwiki.apache.org/confluence/display/MAVEN/MojoExecutionException
